<?xml version="1.0" encoding="UTF-8"?>
<testng-results ignored="0" total="4" passed="4" failed="0" skipped="0">
  <reporter-output>
  </reporter-output>
  <suite started-at="2025-02-26T15:54:29 BDT" name="Default suite" finished-at="2025-02-26T15:55:29 BDT" duration-ms="59319">
    <groups>
    </groups>
    <test started-at="2025-02-26T15:54:29 BDT" name="Default test" finished-at="2025-02-26T15:55:29 BDT" duration-ms="59319">
      <class name="waficommerce.Login">
        <test-method is-config="true" signature="setup()[pri:0, instance:waficommerce.Login@5f9be66c]" started-at="2025-02-26T15:54:29 BDT" name="setup" finished-at="2025-02-26T15:54:37 BDT" duration-ms="7338" status="PASS">
          <reporter-output>
          </reporter-output>
        </test-method> <!-- setup -->
        <test-method signature="login()[pri:1, instance:waficommerce.Login@5f9be66c]" started-at="2025-02-26T15:54:37 BDT" name="login" finished-at="2025-02-26T15:54:50 BDT" duration-ms="12778" status="PASS">
          <reporter-output>
          </reporter-output>
        </test-method> <!-- login -->
        <test-method signature="inventory()[pri:2, instance:waficommerce.Login@5f9be66c]" started-at="2025-02-26T15:54:50 BDT" name="inventory" finished-at="2025-02-26T15:55:04 BDT" duration-ms="14252" status="PASS">
          <reporter-output>
          </reporter-output>
        </test-method> <!-- inventory -->
        <test-method signature="purchasestest()[pri:2, instance:waficommerce.Login@5f9be66c]" started-at="2025-02-26T15:55:04 BDT" name="purchasestest" finished-at="2025-02-26T15:55:11 BDT" duration-ms="7445" status="PASS">
          <reporter-output>
          </reporter-output>
        </test-method> <!-- purchasestest -->
        <test-method signature="sales()[pri:3, instance:waficommerce.Login@5f9be66c]" started-at="2025-02-26T15:55:11 BDT" name="sales" finished-at="2025-02-26T15:55:29 BDT" duration-ms="17222" status="PASS">
          <reporter-output>
          </reporter-output>
        </test-method> <!-- sales -->
      </class> <!-- waficommerce.Login -->
    </test> <!-- Default test -->
  </suite> <!-- Default suite -->
</testng-results>
