<?xml version="1.0" encoding="UTF-8"?>
<!-- Generated by org.testng.reporters.JUnitXMLReporter -->
<testsuite ignored="0" hostname="DESKTOP-6GK8DDT" failures="0" tests="4" name="Default test" time="59.319" errors="0" timestamp="2025-02-26T15:55:29 BDT">
  <testcase classname="waficommerce.Login" name="login" time="12.778"/>
  <testcase classname="waficommerce.Login" name="inventory" time="14.252"/>
  <testcase classname="waficommerce.Login" name="purchasestest" time="7.445"/>
  <testcase classname="waficommerce.Login" name="sales" time="17.222"/>
</testsuite> <!-- Default test -->
